E:\DEV\VISUAL STUDIO\PARITYPROJECT\ACI\DEBUG\ACI.PCH
E:\DEV\VISUAL STUDIO\PARITYPROJECT\ACI\DEBUG\STDINC.OBJ
E:\DEV\VISUAL STUDIO\PARITYPROJECT\ACI\DEBUG\MAIN.OBJ
E:\DEV\VISUAL STUDIO\PARITYPROJECT\ACI\DEBUG\VC110.PDB
E:\dev\visual studio\ParityProject\aCI\Debug\main.obj
E:\dev\visual studio\ParityProject\aCI\Debug\StdInc.obj
E:\dev\visual studio\ParityProject\aCI\Debug\cl.command.1.tlog
E:\dev\visual studio\ParityProject\aCI\Debug\CL.read.1.tlog
E:\dev\visual studio\ParityProject\aCI\Debug\CL.write.1.tlog
E:\dev\visual studio\ParityProject\aCI\Debug\link-cvtres.read.1.tlog
E:\dev\visual studio\ParityProject\aCI\Debug\link-cvtres.write.1.tlog
E:\dev\visual studio\ParityProject\aCI\Debug\link-rc.read.1.tlog
E:\dev\visual studio\ParityProject\aCI\Debug\link-rc.write.1.tlog
E:\dev\visual studio\ParityProject\aCI\Debug\link.4352-cvtres.read.1.tlog
E:\dev\visual studio\ParityProject\aCI\Debug\link.4352-cvtres.write.1.tlog
E:\dev\visual studio\ParityProject\aCI\Debug\link.4352-rc.read.1.tlog
E:\dev\visual studio\ParityProject\aCI\Debug\link.4352-rc.write.1.tlog
E:\dev\visual studio\ParityProject\aCI\Debug\link.4352.read.1.tlog
E:\dev\visual studio\ParityProject\aCI\Debug\link.4352.write.1.tlog
E:\dev\visual studio\ParityProject\aCI\Debug\link.7100-cvtres.read.1.tlog
E:\dev\visual studio\ParityProject\aCI\Debug\link.7100-cvtres.write.1.tlog
E:\dev\visual studio\ParityProject\aCI\Debug\link.7100-rc.read.1.tlog
E:\dev\visual studio\ParityProject\aCI\Debug\link.7100-rc.write.1.tlog
E:\dev\visual studio\ParityProject\aCI\Debug\link.7100.read.1.tlog
E:\dev\visual studio\ParityProject\aCI\Debug\link.7100.write.1.tlog
E:\dev\visual studio\ParityProject\aCI\Debug\link.command.1.tlog
E:\dev\visual studio\ParityProject\aCI\Debug\link.read.1.tlog
E:\dev\visual studio\ParityProject\aCI\Debug\link.write.1.tlog
E:\dev\visual studio\ParityProject\aCI\Debug\aCI.pch
E:\dev\visual studio\ParityProject\aCI\Debug\vc110.idb
E:\dev\visual studio\ParityProject\aCI\Debug\vc110.pdb
