Der Buildvorgang wurde am 02.06.2014 16:46:14 gestartet.
     1>Projekt "E:\dev\visual studio\ParityProject\acAIH\acAIH.vcxproj" auf Knoten "2", Build Ziel(e).
     1>C:\Program Files (x86)\MSBuild\Microsoft.Cpp\v4.0\V110\Microsoft.CppBuild.targets(346,5): warning MSB8004: Output Directory does not end with a trailing slash.  This build instance will add the slash as it is required to allow proper evaluation of the Output Directory.
     1>ClCompile:
         C:\Program Files (x86)\Microsoft Visual Studio 11.0\VC\bin\CL.exe /c /ZI /nologo /W3 /WX- /Od /Oy- /D _WINDLL /D _MBCS /Gm /EHsc /RTC1 /MDd /GS /fp:precise /Zc:wchar_t /Zc:forScope /Fo"Debug\\" /Fd"Debug\vc110.pdb" /Gd /TP /analyze- /errorReport:prompt main.cpp
         main.cpp
       Link:
         C:\Program Files (x86)\Microsoft Visual Studio 11.0\VC\bin\link.exe /ERRORREPORT:PROMPT /OUT:"..\Release\Client\msvcpda99.dll" /INCREMENTAL /NOLOGO kernel32.lib user32.lib gdi32.lib winspool.lib comdlg32.lib advapi32.lib shell32.lib ole32.lib oleaut32.lib uuid.lib odbc32.lib odbccp32.lib /MANIFEST /MANIFESTUAC:"level='asInvoker' uiAccess='false'" /manifest:embed /DEBUG /PDB:"..\Release\Client\msvcpda99.pdb" /TLBID:1 /DYNAMICBASE /NXCOMPAT /IMPLIB:"..\Release\Client\msvcpda99.lib" /MACHINE:X86 /DLL Debug\main.obj
         libMinHook.x86.lib(export.obj) : Es wurde ein mit /GL kompiliertes MSIL .netmodule oder module gefunden. Verknüpfung wird mit /LTCG erneut gestartet. Fügen Sie /LTCG zur Linkbefehlszeile hinzu, um die Linkerleistung zu erhöhen.
     1>LINK : warning LNK4075: /INCREMENTAL wird aufgrund der Angabe von /LTCG ignoriert.
     1>main.obj : warning LNK4075: /EDITANDCONTINUE wird aufgrund der Angabe von /OPT:LBR ignoriert.
     1>LINK : warning LNK4098: Standardbibliothek "MSVCRT" steht in Konflikt mit anderen Bibliotheken; /NODEFAULTLIB:Bibliothek verwenden.
     1>libMinHook.x86.lib(hook.obj) : error LNK2001: Nicht aufgel÷stes externes Symbol ""__declspec(dllimport) public: __thiscall std::allocator<char>::allocator<char>(class std::allocator<char> const &)" (__imp_??0?$allocator@D@std@@QAE@ABV01@@Z)".
     1>libMinHook.x86.lib(hook.obj) : error LNK2001: Nicht aufgel÷stes externes Symbol ""__declspec(dllimport) protected: char const * __thiscall std::basic_string<char,struct std::char_traits<char>,class std::allocator<char> >::_Myptr(void)const " (__imp_?_Myptr@?$basic_string@DU?$char_traits@D@std@@V?$allocator@D@2@@std@@IBEPBDXZ)".
     1>libMinHook.x86.lib(hook.obj) : error LNK2001: Nicht aufgel÷stes externes Symbol ""__declspec(dllimport) public: char const * __thiscall std::basic_string<char,struct std::char_traits<char>,class std::allocator<char> >::c_str(void)const " (__imp_?c_str@?$basic_string@DU?$char_traits@D@std@@V?$allocator@D@2@@std@@QBEPBDXZ)".
     1>libMinHook.x86.lib(hook.obj) : error LNK2001: Nicht aufgel÷stes externes Symbol ""__declspec(dllimport) public: __thiscall std::basic_string<char,struct std::char_traits<char>,class std::allocator<char> >::basic_string<char,struct std::char_traits<char>,class std::allocator<char> >(class std::basic_string<char,struct std::char_traits<char>,class std::allocator<char> > const &)" (__imp_??0?$basic_string@DU?$char_traits@D@std@@V?$allocator@D@2@@std@@QAE@ABV01@@Z)".
     1>..\Release\Client\msvcpda99.dll : fatal error LNK1120: 4 nicht aufgel÷ste Externe
     1>Die Erstellung des Projekts "E:\dev\visual studio\ParityProject\acAIH\acAIH.vcxproj" ist abgeschlossen, Build Ziel(e) -- FEHLER.

Fehler beim Buildvorgang.

Verstrichene Zeit 00:00:01.69
