E:\DEV\VISUAL STUDIO\PARITYPROJECT\PARITY.LOWLEVEL\DEBUG\PARITY.LOWLEVEL.PCH
E:\DEV\VISUAL STUDIO\PARITYPROJECT\PARITY.LOWLEVEL\DEBUG\STDAFX.OBJ
E:\DEV\VISUAL STUDIO\PARITYPROJECT\PARITY.LOWLEVEL\DEBUG\VC110.PDB
E:\DEV\VISUAL STUDIO\PARITYPROJECT\PARITY.LOWLEVEL\DEBUG\PARITY.LOWLEVEL.OBJ
E:\DEV\VISUAL STUDIO\PARITYPROJECT\PARITY.LOWLEVEL\DEBUG\ASSEMBLYINFO.OBJ
E:\DEV\VISUAL STUDIO\PARITYPROJECT\PARITY.LOWLEVEL\DEBUG\.NETFRAMEWORK,VERSION=V4.5.ASSEMBLYATTRIBUTES.OBJ
E:\DEV\VISUAL STUDIO\PARITYPROJECT\DEBUG\PARITY.LOWLEVEL.ILK
E:\DEV\VISUAL STUDIO\PARITYPROJECT\DEBUG\PARITY.LOWLEVEL.DLL
E:\DEV\VISUAL STUDIO\PARITYPROJECT\DEBUG\PARITY.LOWLEVEL.PDB
E:\DEV\VISUAL STUDIO\PARITYPROJECT\PARITY.LOWLEVEL\DEBUG\APP.RES
E:\dev\visual studio\ParityProject\Parity.LowLevel\Debug\Parity.LowLevel.vcxprojResolveAssemblyReference.cache
E:\dev\visual studio\ParityProject\Parity.LowLevel\Debug\.NETFramework,Version=v4.5.AssemblyAttributes.obj
E:\dev\visual studio\ParityProject\Parity.LowLevel\Debug\AssemblyInfo.obj
E:\dev\visual studio\ParityProject\Parity.LowLevel\Debug\Parity.LowLevel.obj
E:\dev\visual studio\ParityProject\Parity.LowLevel\Debug\Stdafx.obj
E:\dev\visual studio\ParityProject\Parity.LowLevel\Debug\cl.command.1.tlog
E:\dev\visual studio\ParityProject\Parity.LowLevel\Debug\CL.read.1.tlog
E:\dev\visual studio\ParityProject\Parity.LowLevel\Debug\CL.write.1.tlog
E:\dev\visual studio\ParityProject\Parity.LowLevel\Debug\link.4676-cvtres.read.1.tlog
E:\dev\visual studio\ParityProject\Parity.LowLevel\Debug\link.4676-cvtres.write.1.tlog
E:\dev\visual studio\ParityProject\Parity.LowLevel\Debug\link.4676-rc.read.1.tlog
E:\dev\visual studio\ParityProject\Parity.LowLevel\Debug\link.4676-rc.write.1.tlog
E:\dev\visual studio\ParityProject\Parity.LowLevel\Debug\link.4676.read.1.tlog
E:\dev\visual studio\ParityProject\Parity.LowLevel\Debug\link.4676.write.1.tlog
E:\dev\visual studio\ParityProject\Parity.LowLevel\Debug\link.command.1.tlog
E:\dev\visual studio\ParityProject\Parity.LowLevel\Debug\link.read.1.tlog
E:\dev\visual studio\ParityProject\Parity.LowLevel\Debug\link.write.1.tlog
E:\dev\visual studio\ParityProject\Parity.LowLevel\Debug\metagen.read.1.tlog
E:\dev\visual studio\ParityProject\Parity.LowLevel\Debug\metagen.write.1.tlog
E:\dev\visual studio\ParityProject\Parity.LowLevel\Debug\rc.command.1.tlog
E:\dev\visual studio\ParityProject\Parity.LowLevel\Debug\rc.read.1.tlog
E:\dev\visual studio\ParityProject\Parity.LowLevel\Debug\rc.write.1.tlog
E:\dev\visual studio\ParityProject\Parity.LowLevel\Debug\app.res
E:\dev\visual studio\ParityProject\Parity.LowLevel\Debug\Parity.LowLevel.pch
E:\dev\visual studio\ParityProject\Parity.LowLevel\Debug\vc110.pdb
E:\dev\visual studio\ParityProject\Parity.LowLevel\Debug\RSAENH.DLL.bi
E:\dev\visual studio\ParityProject\Parity.LowLevel\Debug\TZRES.DLL.bi
E:\dev\visual studio\ParityProject\Debug\Parity.LowLevel.pdb
E:\dev\visual studio\ParityProject\Debug\Parity.LowLevel.dll
E:\dev\visual studio\ParityProject\Debug\Parity.LowLevel.ilk
